time="2019-10-25T12:41:10+03:30" level=info msg="Application Initializing" Arch=amd64 Number of CPUs=4 Runtime Version=go1.13.3
time="2019-10-25T12:41:14+03:30" level=info msg="Application Initializing" Arch=amd64 Number of CPUs=4 Runtime Version=go1.13.3
time="2019-10-25T12:41:17+03:30" level=info msg="A group of walrus emerges from the ocean" animal=walrus size=10
time="2019-10-25T12:52:52+03:30" level=info msg="Application Initializing" Arch=amd64 Number of CPUs=4 Runtime Version=go1.13.3
time="2019-10-25T12:52:53+03:30" level=info msg="A group of walrus emerges from the ocean" animal=walrus size=10
time="2019-10-25T12:53:02+03:30" level=info msg="Application Initializing" Arch=amd64 Number of CPUs=4 Runtime Version=go1.13.3
time="2019-10-25T12:53:04+03:30" level=info msg="A group of walrus emerges from the ocean" animal=walrus size=10
time="2019-10-25T12:53:17+03:30" level=info msg="Application Initializing" Arch=amd64 Number of CPUs=4 Runtime Version=go1.13.3
time="2019-10-25T12:53:18+03:30" level=info msg="A group of walrus emerges from the ocean" animal=walrus size=10
time="2019-10-25T12:54:29+03:30" level=info msg="Application Initializing" Arch=amd64 Number of CPUs=4 Runtime Version=go1.13.3
time="2019-10-25T12:54:29+03:30" level=info msg="A group of walrus emerges from the ocean" animal=walrus size=10
time="2019-10-25T12:55:10+03:30" level=info msg="Application Initializing" Number of CPUs=4 Runtime Version=go1.13.3
time="2019-10-25T12:55:11+03:30" level=info msg="A group of walrus emerges from the ocean" animal=walrus size=10
time="2019-10-25T12:55:42+03:30" level=info msg="Application Initializing" Number of CPUs=4 Runtime Version=go1.13.3
time="2019-10-25T12:55:43+03:30" level=info msg="success >>>"
level=info msg="Application Initializing" Number of CPUs=4 Runtime Version=go1.13.3
level=info msg="success >>>"
time="2019-10-25T13:52:55+03:30" level=info msg="Application Initializing" Number of CPUs=4 Runtime Version=go1.13.3
time="2019-10-25T13:52:56+03:30" level=info msg="success >>>"
Oct 25 14:01:15.392[36m [INFO] [4] [go1.13.3] [0mApplication Initializing
Oct 25 14:01:16.474[36m [INFO] [0msuccess >>>
Oct 25 14:01:31.209[36m [INFO] [4] [go1.13.3] [0mApplication Initializing
Oct 25 14:01:31.756[36m [INFO] [0msuccess >>>
Oct 25 14:05:37.693[36m [INFO] [4] [go1.13.3] [0mApplication Initializing
Oct 25 14:05:38.348[36m [INFO] [0msuccess >>>
Oct 25 14:06:27.178[36m [INFO] [Number of CPUs:4] [Runtime Version:go1.13.3] [0mApplication Initializing
Oct 25 14:06:27.712[36m [INFO] [0msuccess >>>
time="2019-10-25T14:07:49+03:30" level=info msg="Application Initializing" Number of CPUs=4 Runtime Version=go1.13.3
time="2019-10-25T14:07:50+03:30" level=info msg="success >>>"
time="2019-10-25 14:11:11" level=info msg="Application Initializing" Number of CPUs=4 Runtime Version=go1.13.3
time="2019-10-25 14:11:12" level=info msg="success >>>"
time="2019-10-25 14:16:33" level=info msg="Application Initializing" Number of CPUs=4 Runtime Version=go1.13.3
time="2019-10-25 14:16:34" level=info msg="success >>>"
Oct 25 14:31:00.012[36m [INFO] [Number of CPUs:4] [Runtime Version:go1.13.3] [0mApplication Initializing
Oct 25 14:31:00.868[36m [INFO] [0msuccess >>>
Oct 25 14:32:13.894[36m [INFO] [Number of CPUs:4] [Runtime Version:go1.13.3] [0mApplication Initializing
Oct 25 14:32:14.526[36m [INFO] [0msuccess >>>
2019-10-25 14:32:48[36m [INFO] [Number of CPUs:4] [Runtime Version:go1.13.3] [0mApplication Initializing
2019-10-25 14:32:48[36m [INFO] [0msuccess >>>
2019-10-25 14:34:01[36m [INFO] [Number of CPUs:4] [Runtime Version:go1.13.3] [0mApplication Initializing
2019-10-25 14:34:01[36m [INFO] [0msuccess >>>
2019-10-25 14:34:40[36m [INFO] [Number of CPUs:4] [Runtime Version:go1.13.3] [0mApplication Initializing
2019-10-25 14:34:41[36m [INFO] [0msuccess >>>
2019-10-25 15:51:20[36m [INFO] [Arch:amd64] [Number of CPUs:4] [Runtime Version:go1.13.3] [0mApplication Initializing
2019-10-25 15:51:21[36m [INFO] [0msuccess >>>
2019-10-25 15:51:47[36m [INFO] [Arch:amd64] [Number of CPUs:4] [Runtime Version:go1.13.3] [0mApplication Initializing
2019-10-25 15:51:48[36m [INFO] [0msuccess >>>
2019-10-25 15:54:37[36m [INFO] Application Initializing[Arch:amd64] [Number of CPUs:4] [Runtime Version:go1.13.3] [0m
2019-10-25 15:54:38[36m [INFO] success >>>[0m
2019-10-25 15:59:38[36m [INFO] Application Initializing[Arch:amd64] [Number of CPUs:4] [Runtime Version:go1.13.3] [0m
2019-10-25 15:59:39[36m [INFO] success >>>[0m
2019-10-25 15:59:39[33m [WARN] dd >>>[0m
time="2019-10-25T16:00:41+03:30" level=info msg="Application Initializing" Arch=amd64 Number of CPUs=4 Runtime Version=go1.13.3
time="2019-10-25T16:00:42+03:30" level=info msg="success >>>"
time="2019-10-25T16:00:42+03:30" level=warning msg="dd >>>"
2019-10-25 16:15:55[36m [INFO] Application Initializing[Arch:amd64] [Number of CPUs:4] [Runtime Version:go1.13.3] [0m
2019-10-25 16:15:56[36m [INFO] success >>>[0m
2019-10-25 16:15:56[33m [WARN] dd >>>[0m
2019-10-25 16:48:57 [INFO] Application Initializing[Arch:amd64] [Number of CPUs:4] [Runtime Version:go1.13.3] 
2019-10-25 16:48:58 [INFO] success >>>
2019-10-25 16:48:58 [WARN] dd >>>
2019-10-25 16:49:05 [INFO] Application Initializing[Arch:amd64] [Number of CPUs:4] [Runtime Version:go1.13.3] 
2019-10-25 16:49:07 [INFO] success >>>
2019-10-25 16:49:07 [WARN] dd >>>
2019-10-25 16:49:10 [INFO] Application Initializing[Arch:amd64] [Number of CPUs:4] [Runtime Version:go1.13.3] 
2019-10-25 16:49:12 [INFO] success >>>
2019-10-25 16:49:12 [WARN] dd >>>
level=info msg="Application Initializing" Arch=amd64 Number of CPUs=4 Runtime Version=go1.13.3
level=info msg="success >>>"
level=warning msg="dd >>>"
level=info msg="Application Initializing" Arch=amd64 Number of CPUs=4 Runtime Version=go1.13.3
level=info msg="success >>>"
level=warning msg="dd >>>"
level=info msg="Application Initializing" Arch=amd64 Number of CPUs=4 Runtime Version=go1.13.3
level=info msg="success >>>"
level=warning msg="dd >>>"
level=info msg="Application Initializing" Arch=amd64 Number of CPUs=4 Runtime Version=go1.13.3
level=info msg="success >>>"
level=warning msg="dd >>>"
level=info msg="Application Initializing" Arch=amd64 Number of CPUs=4 Runtime Version=go1.13.3
level=info msg="success >>>"
level=warning msg="dd >>>"
level=info msg="Application Initializing" Arch=amd64 Number of CPUs=4 Runtime Version=go1.13.3
level=info msg="success >>>"
level=warning msg="dd >>>"
level=info msg="Application Initializing" Arch=amd64 Number of CPUs=4 Runtime Version=go1.13.3
level=info msg="success >>>"
level=warning msg="dd >>>"
level=info msg="Application Initializing" Arch=amd64 Number of CPUs=4 Runtime Version=go1.13.3
level=info msg="success >>>"
level=warning msg="dd >>>"
level=info msg="Application Initializing" Arch=amd64 Number of CPUs=4 Runtime Version=go1.13.3
level=info msg="success >>>"
level=warning msg="dd >>>"
level=info msg="Application Initializing" Arch=amd64 Number of CPUs=4 Runtime Version=go1.13.3
level=info msg="success >>>"
level=warning msg="dd >>>"
level=info msg="Application Initializing" Arch=amd64 Number of CPUs=4 Runtime Version=go1.13.3
level=info msg="success >>>"
level=warning msg="dd >>>"
level=info msg="Application Initializing" Arch=amd64 Number of CPUs=4 Runtime Version=go1.13.3
level=info msg="success >>>"
level=warning msg="dd >>>"
level=info msg="Application Initializing" Arch=amd64 Number of CPUs=4 Runtime Version=go1.13.3
level=info msg="success >>>"
level=warning msg="dd >>>"
time="2019-10-25 17:07:01" level=info msg="Application Initializing" Arch=amd64 Number of CPUs=4 Runtime Version=go1.13.3
time="2019-10-25 17:07:02" level=info msg="success >>>"
time="2019-10-25 17:07:02" level=warning msg="dd >>>"
time="2019-10-25 17:07:31" level=info msg="Application Initializing" Arch=amd64 Number of CPUs=4 Runtime Version=go1.13.3
time="2019-10-25 17:07:32" level=info msg="success >>>"
time="2019-10-25 17:07:32" level=warning msg="dd >>>"
time="2019-10-25 17:09:08" level=info msg="Application Initializing" Arch=amd64 Number of CPUs=4 Runtime Version=go1.13.3
time="2019-10-25 17:09:09" level=info msg="success >>>"
time="2019-10-25 17:09:09" level=warning msg="dd >>>"
time="2019-10-25 17:10:31" level=info msg="Application Initializing" Arch=amd64 Number of CPUs=4 Runtime Version=go1.13.3
time="2019-10-25 17:10:32" level=info msg="success >>>"
time="2019-10-25 17:10:32" level=warning msg="dd >>>"
time="2019-10-25 17:10:50" level=info msg="Application Initializing" Arch=amd64 Number of CPUs=4 Runtime Version=go1.13.3
time="2019-10-25 17:10:51" level=info msg="success >>>"
time="2019-10-25 17:10:51" level=warning msg="dd >>>"
time="2019-10-25 17:12:08" level=info msg="Application Initializing" Arch=amd64 Number of CPUs=4 Runtime Version=go1.13.3
time="2019-10-25 17:12:08" level=info msg="success >>> D:/out/vaghadir.csv"
time="2019-10-25 17:12:08" level=info msg="success >>> D:/out/Senosa.csv"
time="2019-10-25 17:12:08" level=info msg="success >>> D:/out/sefars.csv"
time="2019-10-25 17:12:08" level=info msg="success >>> D:/out/vanovin.csv"
time="2019-10-25 17:12:08" level=info msg="success >>> D:/out/xmobin.csv"
time="2019-10-25 17:12:08" level=info msg="success >>> D:/out/kenoor.csv"
time="2019-10-25 17:12:08" level=info msg="success >>> D:/out/kechad.csv"
time="2019-10-25 17:12:08" level=info msg="success >>> D:/out/petrol.csv"
time="2019-10-25 17:12:09" level=info msg="success >>> D:/out/tejarat.csv"
time="2019-10-25 17:12:09" level=info msg="success >>> D:/out/rekish.csv"
time="2019-10-25 17:12:09" level=info msg="success >>> D:/out/idx_all.csv"
time="2019-10-25 17:12:09" level=info msg="success >>> D:/out/idx_anboh_sazi.csv"
time="2019-10-25 17:12:09" level=info msg="success >>> D:/out/idx_bank_ha.csv"
time="2019-10-25 17:12:09" level=info msg="success >>> D:/out/idx_ham_vaz.csv"
time="2019-10-25 17:12:09" level=info msg="success >>>"
time="2019-10-25 17:12:09" level=warning msg="dd >>>"
time="2019-10-25 17:12:24" level=info msg="Application Initializing" Arch=amd64 Number of CPUs=4 Runtime Version=go1.13.3
time="2019-10-25 17:12:25" level=info msg="success >>> D:/out/vaghadir.csv"
time="2019-10-25 17:12:25" level=info msg="success >>> D:/out/Senosa.csv"
time="2019-10-25 17:12:25" level=info msg="success >>> D:/out/sefars.csv"
time="2019-10-25 17:12:25" level=info msg="success >>> D:/out/vanovin.csv"
time="2019-10-25 17:12:25" level=info msg="success >>> D:/out/xmobin.csv"
time="2019-10-25 17:12:25" level=info msg="success >>> D:/out/kenoor.csv"
time="2019-10-25 17:12:25" level=info msg="success >>> D:/out/kechad.csv"
time="2019-10-25 17:12:25" level=info msg="success >>> D:/out/petrol.csv"
time="2019-10-25 17:12:25" level=info msg="success >>> D:/out/tejarat.csv"
time="2019-10-25 17:12:25" level=info msg="success >>> D:/out/rekish.csv"
time="2019-10-25 17:12:25" level=info msg="success >>> D:/out/idx_all.csv"
time="2019-10-25 17:12:25" level=info msg="success >>> D:/out/idx_anboh_sazi.csv"
time="2019-10-25 17:12:25" level=info msg="success >>> D:/out/idx_bank_ha.csv"
time="2019-10-25 17:12:25" level=info msg="success >>> D:/out/idx_ham_vaz.csv"
time="2019-10-25 17:12:25" level=info msg="finished >>>"
time="2019-10-25 17:12:49" level=info msg="Application Initializing" Arch=amd64 Number of CPUs=4 Runtime Version=go1.13.3
time="2019-10-25 17:12:49" level=info msg="success >>> D:/out/vaghadir.csv"
time="2019-10-25 17:12:49" level=info msg="success >>> D:/out/Senosa.csv"
time="2019-10-25 17:12:49" level=info msg="success >>> D:/out/sefars.csv"
time="2019-10-25 17:12:49" level=info msg="success >>> D:/out/vanovin.csv"
time="2019-10-25 17:12:49" level=info msg="success >>> D:/out/xmobin.csv"
time="2019-10-25 17:12:49" level=info msg="success >>> D:/out/kenoor.csv"
time="2019-10-25 17:12:49" level=info msg="success >>> D:/out/kechad.csv"
time="2019-10-25 17:12:49" level=info msg="success >>> D:/out/petrol.csv"
time="2019-10-25 17:12:49" level=info msg="success >>> D:/out/tejarat.csv"
time="2019-10-25 17:12:49" level=info msg="success >>> D:/out/rekish.csv"
time="2019-10-25 17:12:49" level=info msg="success >>> D:/out/idx_all.csv"
time="2019-10-25 17:12:49" level=info msg="success >>> D:/out/idx_anboh_sazi.csv"
time="2019-10-25 17:12:49" level=info msg="success >>> D:/out/idx_bank_ha.csv"
time="2019-10-25 17:12:50" level=info msg="success >>> D:/out/idx_ham_vaz.csv"
time="2019-10-25 17:12:50" level=info msg="finished >>>"
time="2019-10-25 17:32:49" level=info msg="Application Initializing" Arch=amd64 Number of CPUs=4 Runtime Version=go1.13.3
time="2019-10-25 17:32:50" level=info msg="success >>> D:/out/vaghadir.csv"
time="2019-10-25 17:32:50" level=info msg="success >>> D:/out/Senosa.csv"
time="2019-10-25 17:32:50" level=info msg="success >>> D:/out/sefars.csv"
time="2019-10-25 17:32:50" level=info msg="success >>> D:/out/vanovin.csv"
time="2019-10-25 17:32:50" level=info msg="success >>> D:/out/xmobin.csv"
time="2019-10-25 17:32:50" level=info msg="success >>> D:/out/kenoor.csv"
time="2019-10-25 17:32:50" level=info msg="success >>> D:/out/kechad.csv"
time="2019-10-25 17:32:50" level=info msg="success >>> D:/out/petrol.csv"
time="2019-10-25 17:32:50" level=info msg="success >>> D:/out/tejarat.csv"
time="2019-10-25 17:32:50" level=info msg="success >>> D:/out/rekish.csv"
time="2019-10-25 17:32:50" level=info msg="success >>> D:/out/idx_all.csv"
time="2019-10-25 17:32:50" level=info msg="success >>> D:/out/idx_anboh_sazi.csv"
time="2019-10-25 17:32:50" level=info msg="success >>> D:/out/idx_bank_ha.csv"
time="2019-10-25 17:32:50" level=info msg="success >>> D:/out/idx_ham_vaz.csv"
time="2019-10-25 17:32:50" level=info msg="finished >>>"
time="2019-10-26 17:02:47" level=info msg="Application Initializing" Arch=amd64 Number of CPUs=4 Runtime Version=go1.13.1
time="2019-10-26 17:02:47" level=error msg="dir not exist :[ D:/workspace/stock/tseclient/normal/ ]\n"
time="2019-10-26 17:02:47" level=info msg="Application Initializing" Arch=amd64 Number of CPUs=4 Runtime Version=go1.13.1
time="2019-10-26 17:02:47" level=info msg="->>>------ ADJUST---> "
time="2019-10-26 17:02:47" level=error msg="dir not exist :[ D:/workspace/stock/tseclient/Adjusted/ ]\n"
